<?xml version="1.0" encoding="UTF-8"?>
<!-- Generated by org.testng.reporters.JUnitReportReporter -->
<testsuite hostname="DESKTOP-BOBJL25" failures="0" tests="1" name="practice_java.practice" time="0.566" errors="0" timestamp="2025-05-31T15:23:34 IST" skipped="0">
  <testcase classname="practice_java.practice" name="teztlink" time="0.566"/>
</testsuite> <!-- practice_java.practice -->
