<?xml version="1.0" encoding="UTF-8"?>
<!-- Generated by org.testng.reporters.JUnitReportReporter -->
<testsuite hostname="DESKTOP-BOBJL25" failures="0" tests="2" name="practice_java.Dataprovider" time="53.882" errors="0" timestamp="2025-04-13T20:14:09 IST" skipped="0">
  <testcase classname="practice_java.Dataprovider" name="testLogin" time="10.691"/>
  <testcase classname="practice_java.Dataprovider" name="testLogin" time="43.191"/>
</testsuite> <!-- practice_java.Dataprovider -->
