<?xml version="1.0" encoding="UTF-8"?>
<!-- Generated by org.testng.reporters.JUnitReportReporter -->
<testsuite hostname="DESKTOP-BOBJL25" failures="0" tests="1" name="POMTezt.Tab" time="0.825" errors="0" timestamp="2025-04-21T10:36:24 IST" skipped="0">
  <testcase classname="POMTezt.Tab" name="testLogin" time="0.825"/>
</testsuite> <!-- POMTezt.Tab -->
